CRITICAL - 2023-10-08 15:06:13 --> Undefined variable $data
in APPPATH\Views\templates\About.php on line 5.
 1 APPPATH\Views\templates\About.php(5): CodeIgniter\Debug\Exceptions->errorHandler(2, 'Undefined variable $data', 'C:\\xampp\\htdocs\\codeigniter4\\app\\Views\\templates\\About.php', 5)
 2 SYSTEMPATH\View\View.php(226): include('C:\\xampp\\htdocs\\codeigniter4\\app\\Views\\templates\\About.php')
 3 SYSTEMPATH\View\View.php(229): CodeIgniter\View\View->CodeIgniter\View\{closure}()
 4 SYSTEMPATH\Common.php(1188): CodeIgniter\View\View->render('templates/About', [], true)
 5 APPPATH\Controllers\Test.php(23): view('templates/About', [...])
 6 SYSTEMPATH\CodeIgniter.php(919): App\Controllers\Test->about()
 7 SYSTEMPATH\CodeIgniter.php(494): CodeIgniter\CodeIgniter->runController(Object(App\Controllers\Test))
 8 SYSTEMPATH\CodeIgniter.php(353): CodeIgniter\CodeIgniter->handleRequest(null, Object(Config\Cache), false)
 9 FCPATH\index.php(79): CodeIgniter\CodeIgniter->run()
CRITICAL - 2023-10-08 15:06:29 --> Undefined variable $data
in APPPATH\Views\templates\About.php on line 5.
 1 APPPATH\Views\templates\About.php(5): CodeIgniter\Debug\Exceptions->errorHandler(2, 'Undefined variable $data', 'C:\\xampp\\htdocs\\codeigniter4\\app\\Views\\templates\\About.php', 5)
 2 SYSTEMPATH\View\View.php(226): include('C:\\xampp\\htdocs\\codeigniter4\\app\\Views\\templates\\About.php')
 3 SYSTEMPATH\View\View.php(229): CodeIgniter\View\View->CodeIgniter\View\{closure}()
 4 SYSTEMPATH\Common.php(1188): CodeIgniter\View\View->render('templates/About', [], true)
 5 APPPATH\Controllers\Test.php(23): view('templates/About', [...])
 6 SYSTEMPATH\CodeIgniter.php(919): App\Controllers\Test->about()
 7 SYSTEMPATH\CodeIgniter.php(494): CodeIgniter\CodeIgniter->runController(Object(App\Controllers\Test))
 8 SYSTEMPATH\CodeIgniter.php(353): CodeIgniter\CodeIgniter->handleRequest(null, Object(Config\Cache), false)
 9 FCPATH\index.php(79): CodeIgniter\CodeIgniter->run()
CRITICAL - 2023-10-08 15:07:00 --> Undefined variable $data
in APPPATH\Views\templates\About.php on line 5.
 1 APPPATH\Views\templates\About.php(5): CodeIgniter\Debug\Exceptions->errorHandler(2, 'Undefined variable $data', 'C:\\xampp\\htdocs\\codeigniter4\\app\\Views\\templates\\About.php', 5)
 2 SYSTEMPATH\View\View.php(226): include('C:\\xampp\\htdocs\\codeigniter4\\app\\Views\\templates\\About.php')
 3 SYSTEMPATH\View\View.php(229): CodeIgniter\View\View->CodeIgniter\View\{closure}()
 4 SYSTEMPATH\Common.php(1188): CodeIgniter\View\View->render('templates/About', [], true)
 5 APPPATH\Controllers\Test.php(23): view('templates/About', [...])
 6 SYSTEMPATH\CodeIgniter.php(919): App\Controllers\Test->about()
 7 SYSTEMPATH\CodeIgniter.php(494): CodeIgniter\CodeIgniter->runController(Object(App\Controllers\Test))
 8 SYSTEMPATH\CodeIgniter.php(353): CodeIgniter\CodeIgniter->handleRequest(null, Object(Config\Cache), false)
 9 FCPATH\index.php(79): CodeIgniter\CodeIgniter->run()
CRITICAL - 2023-10-08 15:07:01 --> Undefined variable $data
in APPPATH\Views\templates\About.php on line 5.
 1 APPPATH\Views\templates\About.php(5): CodeIgniter\Debug\Exceptions->errorHandler(2, 'Undefined variable $data', 'C:\\xampp\\htdocs\\codeigniter4\\app\\Views\\templates\\About.php', 5)
 2 SYSTEMPATH\View\View.php(226): include('C:\\xampp\\htdocs\\codeigniter4\\app\\Views\\templates\\About.php')
 3 SYSTEMPATH\View\View.php(229): CodeIgniter\View\View->CodeIgniter\View\{closure}()
 4 SYSTEMPATH\Common.php(1188): CodeIgniter\View\View->render('templates/About', [], true)
 5 APPPATH\Controllers\Test.php(23): view('templates/About', [...])
 6 SYSTEMPATH\CodeIgniter.php(919): App\Controllers\Test->about()
 7 SYSTEMPATH\CodeIgniter.php(494): CodeIgniter\CodeIgniter->runController(Object(App\Controllers\Test))
 8 SYSTEMPATH\CodeIgniter.php(353): CodeIgniter\CodeIgniter->handleRequest(null, Object(Config\Cache), false)
 9 FCPATH\index.php(79): CodeIgniter\CodeIgniter->run()
CRITICAL - 2023-10-08 15:07:41 --> Undefined variable $name
in APPPATH\Views\templates\About.php on line 3.
 1 APPPATH\Views\templates\About.php(3): CodeIgniter\Debug\Exceptions->errorHandler(2, 'Undefined variable $name', 'C:\\xampp\\htdocs\\codeigniter4\\app\\Views\\templates\\About.php', 3)
 2 SYSTEMPATH\View\View.php(226): include('C:\\xampp\\htdocs\\codeigniter4\\app\\Views\\templates\\About.php')
 3 SYSTEMPATH\View\View.php(229): CodeIgniter\View\View->CodeIgniter\View\{closure}()
 4 SYSTEMPATH\Common.php(1188): CodeIgniter\View\View->render('templates/About', [], true)
 5 APPPATH\Controllers\Test.php(24): view('templates/About', [...])
 6 SYSTEMPATH\CodeIgniter.php(919): App\Controllers\Test->about()
 7 SYSTEMPATH\CodeIgniter.php(494): CodeIgniter\CodeIgniter->runController(Object(App\Controllers\Test))
 8 SYSTEMPATH\CodeIgniter.php(353): CodeIgniter\CodeIgniter->handleRequest(null, Object(Config\Cache), false)
 9 FCPATH\index.php(79): CodeIgniter\CodeIgniter->run()
CRITICAL - 2023-10-08 15:07:42 --> Undefined variable $name
in APPPATH\Views\templates\About.php on line 3.
 1 APPPATH\Views\templates\About.php(3): CodeIgniter\Debug\Exceptions->errorHandler(2, 'Undefined variable $name', 'C:\\xampp\\htdocs\\codeigniter4\\app\\Views\\templates\\About.php', 3)
 2 SYSTEMPATH\View\View.php(226): include('C:\\xampp\\htdocs\\codeigniter4\\app\\Views\\templates\\About.php')
 3 SYSTEMPATH\View\View.php(229): CodeIgniter\View\View->CodeIgniter\View\{closure}()
 4 SYSTEMPATH\Common.php(1188): CodeIgniter\View\View->render('templates/About', [], true)
 5 APPPATH\Controllers\Test.php(24): view('templates/About', [...])
 6 SYSTEMPATH\CodeIgniter.php(919): App\Controllers\Test->about()
 7 SYSTEMPATH\CodeIgniter.php(494): CodeIgniter\CodeIgniter->runController(Object(App\Controllers\Test))
 8 SYSTEMPATH\CodeIgniter.php(353): CodeIgniter\CodeIgniter->handleRequest(null, Object(Config\Cache), false)
 9 FCPATH\index.php(79): CodeIgniter\CodeIgniter->run()
CRITICAL - 2023-10-08 15:07:42 --> Undefined variable $name
in APPPATH\Views\templates\About.php on line 3.
 1 APPPATH\Views\templates\About.php(3): CodeIgniter\Debug\Exceptions->errorHandler(2, 'Undefined variable $name', 'C:\\xampp\\htdocs\\codeigniter4\\app\\Views\\templates\\About.php', 3)
 2 SYSTEMPATH\View\View.php(226): include('C:\\xampp\\htdocs\\codeigniter4\\app\\Views\\templates\\About.php')
 3 SYSTEMPATH\View\View.php(229): CodeIgniter\View\View->CodeIgniter\View\{closure}()
 4 SYSTEMPATH\Common.php(1188): CodeIgniter\View\View->render('templates/About', [], true)
 5 APPPATH\Controllers\Test.php(24): view('templates/About', [...])
 6 SYSTEMPATH\CodeIgniter.php(919): App\Controllers\Test->about()
 7 SYSTEMPATH\CodeIgniter.php(494): CodeIgniter\CodeIgniter->runController(Object(App\Controllers\Test))
 8 SYSTEMPATH\CodeIgniter.php(353): CodeIgniter\CodeIgniter->handleRequest(null, Object(Config\Cache), false)
 9 FCPATH\index.php(79): CodeIgniter\CodeIgniter->run()
CRITICAL - 2023-10-08 15:07:42 --> Undefined variable $name
in APPPATH\Views\templates\About.php on line 3.
 1 APPPATH\Views\templates\About.php(3): CodeIgniter\Debug\Exceptions->errorHandler(2, 'Undefined variable $name', 'C:\\xampp\\htdocs\\codeigniter4\\app\\Views\\templates\\About.php', 3)
 2 SYSTEMPATH\View\View.php(226): include('C:\\xampp\\htdocs\\codeigniter4\\app\\Views\\templates\\About.php')
 3 SYSTEMPATH\View\View.php(229): CodeIgniter\View\View->CodeIgniter\View\{closure}()
 4 SYSTEMPATH\Common.php(1188): CodeIgniter\View\View->render('templates/About', [], true)
 5 APPPATH\Controllers\Test.php(24): view('templates/About', [...])
 6 SYSTEMPATH\CodeIgniter.php(919): App\Controllers\Test->about()
 7 SYSTEMPATH\CodeIgniter.php(494): CodeIgniter\CodeIgniter->runController(Object(App\Controllers\Test))
 8 SYSTEMPATH\CodeIgniter.php(353): CodeIgniter\CodeIgniter->handleRequest(null, Object(Config\Cache), false)
 9 FCPATH\index.php(79): CodeIgniter\CodeIgniter->run()
CRITICAL - 2023-10-08 15:07:43 --> Undefined variable $name
in APPPATH\Views\templates\About.php on line 3.
 1 APPPATH\Views\templates\About.php(3): CodeIgniter\Debug\Exceptions->errorHandler(2, 'Undefined variable $name', 'C:\\xampp\\htdocs\\codeigniter4\\app\\Views\\templates\\About.php', 3)
 2 SYSTEMPATH\View\View.php(226): include('C:\\xampp\\htdocs\\codeigniter4\\app\\Views\\templates\\About.php')
 3 SYSTEMPATH\View\View.php(229): CodeIgniter\View\View->CodeIgniter\View\{closure}()
 4 SYSTEMPATH\Common.php(1188): CodeIgniter\View\View->render('templates/About', [], true)
 5 APPPATH\Controllers\Test.php(24): view('templates/About', [...])
 6 SYSTEMPATH\CodeIgniter.php(919): App\Controllers\Test->about()
 7 SYSTEMPATH\CodeIgniter.php(494): CodeIgniter\CodeIgniter->runController(Object(App\Controllers\Test))
 8 SYSTEMPATH\CodeIgniter.php(353): CodeIgniter\CodeIgniter->handleRequest(null, Object(Config\Cache), false)
 9 FCPATH\index.php(79): CodeIgniter\CodeIgniter->run()
CRITICAL - 2023-10-08 15:07:43 --> Undefined variable $name
in APPPATH\Views\templates\About.php on line 3.
 1 APPPATH\Views\templates\About.php(3): CodeIgniter\Debug\Exceptions->errorHandler(2, 'Undefined variable $name', 'C:\\xampp\\htdocs\\codeigniter4\\app\\Views\\templates\\About.php', 3)
 2 SYSTEMPATH\View\View.php(226): include('C:\\xampp\\htdocs\\codeigniter4\\app\\Views\\templates\\About.php')
 3 SYSTEMPATH\View\View.php(229): CodeIgniter\View\View->CodeIgniter\View\{closure}()
 4 SYSTEMPATH\Common.php(1188): CodeIgniter\View\View->render('templates/About', [], true)
 5 APPPATH\Controllers\Test.php(24): view('templates/About', [...])
 6 SYSTEMPATH\CodeIgniter.php(919): App\Controllers\Test->about()
 7 SYSTEMPATH\CodeIgniter.php(494): CodeIgniter\CodeIgniter->runController(Object(App\Controllers\Test))
 8 SYSTEMPATH\CodeIgniter.php(353): CodeIgniter\CodeIgniter->handleRequest(null, Object(Config\Cache), false)
 9 FCPATH\index.php(79): CodeIgniter\CodeIgniter->run()
CRITICAL - 2023-10-08 15:07:47 --> Undefined variable $name
in APPPATH\Views\templates\About.php on line 3.
 1 APPPATH\Views\templates\About.php(3): CodeIgniter\Debug\Exceptions->errorHandler(2, 'Undefined variable $name', 'C:\\xampp\\htdocs\\codeigniter4\\app\\Views\\templates\\About.php', 3)
 2 SYSTEMPATH\View\View.php(226): include('C:\\xampp\\htdocs\\codeigniter4\\app\\Views\\templates\\About.php')
 3 SYSTEMPATH\View\View.php(229): CodeIgniter\View\View->CodeIgniter\View\{closure}()
 4 SYSTEMPATH\Common.php(1188): CodeIgniter\View\View->render('templates/About', [], true)
 5 APPPATH\Controllers\Test.php(24): view('templates/About', [...])
 6 SYSTEMPATH\CodeIgniter.php(919): App\Controllers\Test->about()
 7 SYSTEMPATH\CodeIgniter.php(494): CodeIgniter\CodeIgniter->runController(Object(App\Controllers\Test))
 8 SYSTEMPATH\CodeIgniter.php(353): CodeIgniter\CodeIgniter->handleRequest(null, Object(Config\Cache), false)
 9 FCPATH\index.php(79): CodeIgniter\CodeIgniter->run()
CRITICAL - 2023-10-08 15:07:47 --> Undefined variable $name
in APPPATH\Views\templates\About.php on line 3.
 1 APPPATH\Views\templates\About.php(3): CodeIgniter\Debug\Exceptions->errorHandler(2, 'Undefined variable $name', 'C:\\xampp\\htdocs\\codeigniter4\\app\\Views\\templates\\About.php', 3)
 2 SYSTEMPATH\View\View.php(226): include('C:\\xampp\\htdocs\\codeigniter4\\app\\Views\\templates\\About.php')
 3 SYSTEMPATH\View\View.php(229): CodeIgniter\View\View->CodeIgniter\View\{closure}()
 4 SYSTEMPATH\Common.php(1188): CodeIgniter\View\View->render('templates/About', [], true)
 5 APPPATH\Controllers\Test.php(24): view('templates/About', [...])
 6 SYSTEMPATH\CodeIgniter.php(919): App\Controllers\Test->about()
 7 SYSTEMPATH\CodeIgniter.php(494): CodeIgniter\CodeIgniter->runController(Object(App\Controllers\Test))
 8 SYSTEMPATH\CodeIgniter.php(353): CodeIgniter\CodeIgniter->handleRequest(null, Object(Config\Cache), false)
 9 FCPATH\index.php(79): CodeIgniter\CodeIgniter->run()
CRITICAL - 2023-10-08 15:09:34 --> Undefined variable $name
in APPPATH\Views\templates\About.php on line 3.
 1 APPPATH\Views\templates\About.php(3): CodeIgniter\Debug\Exceptions->errorHandler(2, 'Undefined variable $name', 'C:\\xampp\\htdocs\\codeigniter4\\app\\Views\\templates\\About.php', 3)
 2 SYSTEMPATH\View\View.php(226): include('C:\\xampp\\htdocs\\codeigniter4\\app\\Views\\templates\\About.php')
 3 SYSTEMPATH\View\View.php(229): CodeIgniter\View\View->CodeIgniter\View\{closure}()
 4 SYSTEMPATH\Common.php(1188): CodeIgniter\View\View->render('templates/About', [], true)
 5 APPPATH\Controllers\Test.php(24): view('templates/About', [...])
 6 SYSTEMPATH\CodeIgniter.php(919): App\Controllers\Test->about()
 7 SYSTEMPATH\CodeIgniter.php(494): CodeIgniter\CodeIgniter->runController(Object(App\Controllers\Test))
 8 SYSTEMPATH\CodeIgniter.php(353): CodeIgniter\CodeIgniter->handleRequest(null, Object(Config\Cache), false)
 9 FCPATH\index.php(79): CodeIgniter\CodeIgniter->run()
CRITICAL - 2023-10-08 15:14:07 --> Undefined variable $name
in APPPATH\Views\templates\About.php on line 3.
 1 APPPATH\Views\templates\About.php(3): CodeIgniter\Debug\Exceptions->errorHandler(2, 'Undefined variable $name', 'C:\\xampp\\htdocs\\codeigniter4\\app\\Views\\templates\\About.php', 3)
 2 SYSTEMPATH\View\View.php(226): include('C:\\xampp\\htdocs\\codeigniter4\\app\\Views\\templates\\About.php')
 3 SYSTEMPATH\View\View.php(229): CodeIgniter\View\View->CodeIgniter\View\{closure}()
 4 SYSTEMPATH\Common.php(1188): CodeIgniter\View\View->render('templates/About', [], true)
 5 APPPATH\Controllers\Test.php(24): view('templates/About', [...])
 6 SYSTEMPATH\CodeIgniter.php(919): App\Controllers\Test->about()
 7 SYSTEMPATH\CodeIgniter.php(494): CodeIgniter\CodeIgniter->runController(Object(App\Controllers\Test))
 8 SYSTEMPATH\CodeIgniter.php(353): CodeIgniter\CodeIgniter->handleRequest(null, Object(Config\Cache), false)
 9 FCPATH\index.php(79): CodeIgniter\CodeIgniter->run()
CRITICAL - 2023-10-08 15:15:47 --> Undefined variable $data
in APPPATH\Views\templates\About.php on line 5.
 1 APPPATH\Views\templates\About.php(5): CodeIgniter\Debug\Exceptions->errorHandler(2, 'Undefined variable $data', 'C:\\xampp\\htdocs\\codeigniter4\\app\\Views\\templates\\About.php', 5)
 2 SYSTEMPATH\View\View.php(226): include('C:\\xampp\\htdocs\\codeigniter4\\app\\Views\\templates\\About.php')
 3 SYSTEMPATH\View\View.php(229): CodeIgniter\View\View->CodeIgniter\View\{closure}()
 4 SYSTEMPATH\Common.php(1188): CodeIgniter\View\View->render('templates/About', [], true)
 5 APPPATH\Controllers\Test.php(23): view('templates/About', [...])
 6 SYSTEMPATH\CodeIgniter.php(919): App\Controllers\Test->about()
 7 SYSTEMPATH\CodeIgniter.php(494): CodeIgniter\CodeIgniter->runController(Object(App\Controllers\Test))
 8 SYSTEMPATH\CodeIgniter.php(353): CodeIgniter\CodeIgniter->handleRequest(null, Object(Config\Cache), false)
 9 FCPATH\index.php(79): CodeIgniter\CodeIgniter->run()
CRITICAL - 2023-10-08 15:18:28 --> Undefined variable $data
in APPPATH\Views\templates\About.php on line 5.
 1 APPPATH\Views\templates\About.php(5): CodeIgniter\Debug\Exceptions->errorHandler(2, 'Undefined variable $data', 'C:\\xampp\\htdocs\\codeigniter4\\app\\Views\\templates\\About.php', 5)
 2 SYSTEMPATH\View\View.php(226): include('C:\\xampp\\htdocs\\codeigniter4\\app\\Views\\templates\\About.php')
 3 SYSTEMPATH\View\View.php(229): CodeIgniter\View\View->CodeIgniter\View\{closure}()
 4 SYSTEMPATH\Common.php(1188): CodeIgniter\View\View->render('templates/About', [], true)
 5 APPPATH\Controllers\Test.php(23): view('templates/About', [...])
 6 SYSTEMPATH\CodeIgniter.php(919): App\Controllers\Test->about()
 7 SYSTEMPATH\CodeIgniter.php(494): CodeIgniter\CodeIgniter->runController(Object(App\Controllers\Test))
 8 SYSTEMPATH\CodeIgniter.php(353): CodeIgniter\CodeIgniter->handleRequest(null, Object(Config\Cache), false)
 9 FCPATH\index.php(79): CodeIgniter\CodeIgniter->run()
CRITICAL - 2023-10-08 15:18:29 --> Undefined variable $data
in APPPATH\Views\templates\About.php on line 5.
 1 APPPATH\Views\templates\About.php(5): CodeIgniter\Debug\Exceptions->errorHandler(2, 'Undefined variable $data', 'C:\\xampp\\htdocs\\codeigniter4\\app\\Views\\templates\\About.php', 5)
 2 SYSTEMPATH\View\View.php(226): include('C:\\xampp\\htdocs\\codeigniter4\\app\\Views\\templates\\About.php')
 3 SYSTEMPATH\View\View.php(229): CodeIgniter\View\View->CodeIgniter\View\{closure}()
 4 SYSTEMPATH\Common.php(1188): CodeIgniter\View\View->render('templates/About', [], true)
 5 APPPATH\Controllers\Test.php(23): view('templates/About', [...])
 6 SYSTEMPATH\CodeIgniter.php(919): App\Controllers\Test->about()
 7 SYSTEMPATH\CodeIgniter.php(494): CodeIgniter\CodeIgniter->runController(Object(App\Controllers\Test))
 8 SYSTEMPATH\CodeIgniter.php(353): CodeIgniter\CodeIgniter->handleRequest(null, Object(Config\Cache), false)
 9 FCPATH\index.php(79): CodeIgniter\CodeIgniter->run()
CRITICAL - 2023-10-08 15:18:46 --> Undefined variable $data
in APPPATH\Views\templates\About.php on line 7.
 1 APPPATH\Views\templates\About.php(7): CodeIgniter\Debug\Exceptions->errorHandler(2, 'Undefined variable $data', 'C:\\xampp\\htdocs\\codeigniter4\\app\\Views\\templates\\About.php', 7)
 2 SYSTEMPATH\View\View.php(226): include('C:\\xampp\\htdocs\\codeigniter4\\app\\Views\\templates\\About.php')
 3 SYSTEMPATH\View\View.php(229): CodeIgniter\View\View->CodeIgniter\View\{closure}()
 4 SYSTEMPATH\Common.php(1188): CodeIgniter\View\View->render('templates/About', [], true)
 5 APPPATH\Controllers\Test.php(23): view('templates/About', [...])
 6 SYSTEMPATH\CodeIgniter.php(919): App\Controllers\Test->about()
 7 SYSTEMPATH\CodeIgniter.php(494): CodeIgniter\CodeIgniter->runController(Object(App\Controllers\Test))
 8 SYSTEMPATH\CodeIgniter.php(353): CodeIgniter\CodeIgniter->handleRequest(null, Object(Config\Cache), false)
 9 FCPATH\index.php(79): CodeIgniter\CodeIgniter->run()
CRITICAL - 2023-10-08 16:04:46 --> Undefined variable $name
in APPPATH\Views\templates\About.php on line 3.
 1 APPPATH\Views\templates\About.php(3): CodeIgniter\Debug\Exceptions->errorHandler(2, 'Undefined variable $name', 'C:\\xampp\\htdocs\\codeigniter4\\app\\Views\\templates\\About.php', 3)
 2 SYSTEMPATH\View\View.php(226): include('C:\\xampp\\htdocs\\codeigniter4\\app\\Views\\templates\\About.php')
 3 SYSTEMPATH\View\View.php(229): CodeIgniter\View\View->CodeIgniter\View\{closure}()
 4 SYSTEMPATH\Common.php(1188): CodeIgniter\View\View->render('templates/About', [], true)
 5 APPPATH\Controllers\Test.php(24): view('templates/About', [...])
 6 SYSTEMPATH\CodeIgniter.php(919): App\Controllers\Test->about()
 7 SYSTEMPATH\CodeIgniter.php(494): CodeIgniter\CodeIgniter->runController(Object(App\Controllers\Test))
 8 SYSTEMPATH\CodeIgniter.php(353): CodeIgniter\CodeIgniter->handleRequest(null, Object(Config\Cache), false)
 9 FCPATH\index.php(79): CodeIgniter\CodeIgniter->run()
