CRITICAL - 2024-05-30 03:24:30 --> Class 'App\Controllers\SqlModel' not found
in APPPATH\Controllers\Dashboard.php on line 29.
 1 SYSTEMPATH\CodeIgniter.php(919): App\Controllers\Dashboard->fetch_data()
 2 SYSTEMPATH\CodeIgniter.php(494): CodeIgniter\CodeIgniter->runController(Object(App\Controllers\Dashboard))
 3 SYSTEMPATH\CodeIgniter.php(353): CodeIgniter\CodeIgniter->handleRequest(null, Object(Config\Cache), false)
 4 FCPATH\index.php(79): CodeIgniter\CodeIgniter->run()
CRITICAL - 2024-05-30 03:25:27 --> Class 'App\Controllers\SqlModel' not found
in APPPATH\Controllers\Dashboard.php on line 29.
 1 SYSTEMPATH\CodeIgniter.php(919): App\Controllers\Dashboard->fetch_data()
 2 SYSTEMPATH\CodeIgniter.php(494): CodeIgniter\CodeIgniter->runController(Object(App\Controllers\Dashboard))
 3 SYSTEMPATH\CodeIgniter.php(353): CodeIgniter\CodeIgniter->handleRequest(null, Object(Config\Cache), false)
 4 FCPATH\index.php(79): CodeIgniter\CodeIgniter->run()
CRITICAL - 2024-05-30 03:25:33 --> Class 'App\Controllers\SqlModel' not found
in APPPATH\Controllers\Dashboard.php on line 29.
 1 SYSTEMPATH\CodeIgniter.php(919): App\Controllers\Dashboard->fetch_data()
 2 SYSTEMPATH\CodeIgniter.php(494): CodeIgniter\CodeIgniter->runController(Object(App\Controllers\Dashboard))
 3 SYSTEMPATH\CodeIgniter.php(353): CodeIgniter\CodeIgniter->handleRequest(null, Object(Config\Cache), false)
 4 FCPATH\index.php(79): CodeIgniter\CodeIgniter->run()
CRITICAL - 2024-05-30 03:26:30 --> Class 'App\Controllers\SqlModel' not found
in APPPATH\Controllers\Dashboard.php on line 29.
 1 SYSTEMPATH\CodeIgniter.php(919): App\Controllers\Dashboard->fetch_data()
 2 SYSTEMPATH\CodeIgniter.php(494): CodeIgniter\CodeIgniter->runController(Object(App\Controllers\Dashboard))
 3 SYSTEMPATH\CodeIgniter.php(353): CodeIgniter\CodeIgniter->handleRequest(null, Object(Config\Cache), false)
 4 FCPATH\index.php(79): CodeIgniter\CodeIgniter->run()
CRITICAL - 2024-05-30 03:39:00 --> Class 'App\Controllers\SqlModel' not found
in APPPATH\Controllers\Dashboard.php on line 29.
 1 SYSTEMPATH\CodeIgniter.php(919): App\Controllers\Dashboard->fetch_data()
 2 SYSTEMPATH\CodeIgniter.php(494): CodeIgniter\CodeIgniter->runController(Object(App\Controllers\Dashboard))
 3 SYSTEMPATH\CodeIgniter.php(353): CodeIgniter\CodeIgniter->handleRequest(null, Object(Config\Cache), false)
 4 FCPATH\index.php(79): CodeIgniter\CodeIgniter->run()
INFO - 2024-05-30 07:34:54 --> Session: Class initialized using 'CodeIgniter\Session\Handlers\FileHandler' driver.
INFO - 2024-05-30 07:34:54 --> Session: Class initialized using 'CodeIgniter\Session\Handlers\FileHandler' driver.
INFO - 2024-05-30 07:35:06 --> Session: Class initialized using 'CodeIgniter\Session\Handlers\FileHandler' driver.
